<?xml version="1.0" encoding="UTF-8"?>
<testsuite name="com.watcat.WatCatApplicationTests" tests="1" skipped="0" failures="0" errors="0" timestamp="2022-03-23T08:37:54" hostname="LAPTOP-V0UNKSD7" time="0.482">
  <properties/>
  <testcase name="contextLoads()" classname="com.watcat.WatCatApplicationTests" time="0.482"/>
  <system-out><![CDATA[17:37:51.551 [Test worker] DEBUG org.springframework.test.context.BootstrapUtils - Instantiating CacheAwareContextLoaderDelegate from class [org.springframework.test.context.cache.DefaultCacheAwareContextLoaderDelegate]
17:37:51.562 [Test worker] DEBUG org.springframework.test.context.BootstrapUtils - Instantiating BootstrapContext using constructor [public org.springframework.test.context.support.DefaultBootstrapContext(java.lang.Class,org.springframework.test.context.CacheAwareContextLoaderDelegate)]
17:37:51.600 [Test worker] DEBUG org.springframework.test.context.BootstrapUtils - Instantiating TestContextBootstrapper for test class [com.watcat.WatCatApplicationTests] from class [org.springframework.boot.test.context.SpringBootTestContextBootstrapper]
17:37:51.612 [Test worker] INFO org.springframework.boot.test.context.SpringBootTestContextBootstrapper - Neither @ContextConfiguration nor @ContextHierarchy found for test class [com.watcat.WatCatApplicationTests], using SpringBootContextLoader
17:37:51.616 [Test worker] DEBUG org.springframework.test.context.support.AbstractContextLoader - Did not detect default resource location for test class [com.watcat.WatCatApplicationTests]: class path resource [com/watcat/WatCatApplicationTests-context.xml] does not exist
17:37:51.617 [Test worker] DEBUG org.springframework.test.context.support.AbstractContextLoader - Did not detect default resource location for test class [com.watcat.WatCatApplicationTests]: class path resource [com/watcat/WatCatApplicationTestsContext.groovy] does not exist
17:37:51.617 [Test worker] INFO org.springframework.test.context.support.AbstractContextLoader - Could not detect default resource locations for test class [com.watcat.WatCatApplicationTests]: no resource found for suffixes {-context.xml, Context.groovy}.
17:37:51.617 [Test worker] INFO org.springframework.test.context.support.AnnotationConfigContextLoaderUtils - Could not detect default configuration classes for test class [com.watcat.WatCatApplicationTests]: WatCatApplicationTests does not declare any static, non-private, non-final, nested classes annotated with @Configuration.
17:37:51.656 [Test worker] DEBUG org.springframework.test.context.support.ActiveProfilesUtils - Could not find an 'annotation declaring class' for annotation type [org.springframework.test.context.ActiveProfiles] and class [com.watcat.WatCatApplicationTests]
17:37:51.707 [Test worker] DEBUG org.springframework.context.annotation.ClassPathScanningCandidateComponentProvider - Identified candidate component class: file [C:\JSP\workspace-STS4.12.1\WatCat\build\classes\java\main\com\watcat\WatCatApplication.class]
17:37:51.709 [Test worker] INFO org.springframework.boot.test.context.SpringBootTestContextBootstrapper - Found @SpringBootConfiguration com.watcat.WatCatApplication for test class com.watcat.WatCatApplicationTests
17:37:51.806 [Test worker] DEBUG org.springframework.boot.test.context.SpringBootTestContextBootstrapper - @TestExecutionListeners is not present for class [com.watcat.WatCatApplicationTests]: using defaults.
17:37:51.806 [Test worker] INFO org.springframework.boot.test.context.SpringBootTestContextBootstrapper - Loaded default TestExecutionListener class names from location [META-INF/spring.factories]: [org.springframework.boot.test.autoconfigure.restdocs.RestDocsTestExecutionListener, org.springframework.boot.test.autoconfigure.web.client.MockRestServiceServerResetTestExecutionListener, org.springframework.boot.test.autoconfigure.web.servlet.MockMvcPrintOnlyOnFailureTestExecutionListener, org.springframework.boot.test.autoconfigure.web.servlet.WebDriverTestExecutionListener, org.springframework.boot.test.autoconfigure.webservices.client.MockWebServiceServerTestExecutionListener, org.springframework.boot.test.mock.mockito.MockitoTestExecutionListener, org.springframework.boot.test.mock.mockito.ResetMocksTestExecutionListener, org.springframework.test.context.web.ServletTestExecutionListener, org.springframework.test.context.support.DirtiesContextBeforeModesTestExecutionListener, org.springframework.test.context.event.ApplicationEventsTestExecutionListener, org.springframework.test.context.support.DependencyInjectionTestExecutionListener, org.springframework.test.context.support.DirtiesContextTestExecutionListener, org.springframework.test.context.transaction.TransactionalTestExecutionListener, org.springframework.test.context.jdbc.SqlScriptsTestExecutionListener, org.springframework.test.context.event.EventPublishingTestExecutionListener]
17:37:51.822 [Test worker] INFO org.springframework.boot.test.context.SpringBootTestContextBootstrapper - Using TestExecutionListeners: [org.springframework.test.context.web.ServletTestExecutionListener@60afd40d, org.springframework.test.context.support.DirtiesContextBeforeModesTestExecutionListener@28a2a3e7, org.springframework.test.context.event.ApplicationEventsTestExecutionListener@3f2049b6, org.springframework.boot.test.mock.mockito.MockitoTestExecutionListener@10b3df93, org.springframework.boot.test.autoconfigure.SpringBootDependencyInjectionTestExecutionListener@ea27e34, org.springframework.test.context.support.DirtiesContextTestExecutionListener@33a2499c, org.springframework.test.context.transaction.TransactionalTestExecutionListener@e72dba7, org.springframework.test.context.jdbc.SqlScriptsTestExecutionListener@33c2bd, org.springframework.test.context.event.EventPublishingTestExecutionListener@1dfd5f51, org.springframework.boot.test.autoconfigure.restdocs.RestDocsTestExecutionListener@3c321bdb, org.springframework.boot.test.autoconfigure.web.client.MockRestServiceServerResetTestExecutionListener@24855019, org.springframework.boot.test.autoconfigure.web.servlet.MockMvcPrintOnlyOnFailureTestExecutionListener@3abd581e, org.springframework.boot.test.autoconfigure.web.servlet.WebDriverTestExecutionListener@4d4d8fcf, org.springframework.boot.test.autoconfigure.webservices.client.MockWebServiceServerTestExecutionListener@610db97e, org.springframework.boot.test.mock.mockito.ResetMocksTestExecutionListener@6f0628de]
17:37:51.825 [Test worker] DEBUG org.springframework.test.context.support.AbstractDirtiesContextTestExecutionListener - Before test class: context [DefaultTestContext@79f227a9 testClass = WatCatApplicationTests, testInstance = [null], testMethod = [null], testException = [null], mergedContextConfiguration = [WebMergedContextConfiguration@6ca320ab testClass = WatCatApplicationTests, locations = '{}', classes = '{class com.watcat.WatCatApplication}', contextInitializerClasses = '[]', activeProfiles = '{}', propertySourceLocations = '{}', propertySourceProperties = '{org.springframework.boot.test.context.SpringBootTestContextBootstrapper=true}', contextCustomizers = set[org.springframework.boot.test.autoconfigure.actuate.metrics.MetricsExportContextCustomizerFactory$DisableMetricExportContextCustomizer@338494fa, org.springframework.boot.test.autoconfigure.properties.PropertyMappingContextCustomizer@0, org.springframework.boot.test.autoconfigure.web.servlet.WebDriverContextCustomizerFactory$Customizer@3b77a04f, org.springframework.boot.test.context.filter.ExcludeFilterContextCustomizer@fd8294b, org.springframework.boot.test.json.DuplicateJsonObjectContextCustomizerFactory$DuplicateJsonObjectContextCustomizer@1ef3efa8, org.springframework.boot.test.mock.mockito.MockitoContextCustomizer@0, org.springframework.boot.test.web.client.TestRestTemplateContextCustomizer@30d4b288, org.springframework.boot.test.context.SpringBootTestArgs@1, org.springframework.boot.test.context.SpringBootTestWebEnvironment@37911f88], resourceBasePath = 'src/main/webapp', contextLoader = 'org.springframework.boot.test.context.SpringBootContextLoader', parent = [null]], attributes = map['org.springframework.test.context.web.ServletTestExecutionListener.activateListener' -> true]], class annotated with @DirtiesContext [false] with mode [null].

  .   ____          _            __ _ _
 /\\ / ___'_ __ _ _(_)_ __  __ _ \ \ \ \
( ( )\___ | '_ | '_| | '_ \/ _` | \ \ \ \
 \\/  ___)| |_)| | | | | || (_| |  ) ) ) )
  '  |____| .__|_| |_|_| |_\__, | / / / /
 =========|_|==============|___/=/_/_/_/
 :: Spring Boot ::                (v2.6.4)

2022-03-23 17:37:52.094  WARN 18176 --- [    Test worker] ory$DuplicateJsonObjectContextCustomizer : 

Found multiple occurrences of org.json.JSONObject on the class path:

	jar:file:/C:/Users/USER/.gradle/caches/modules-2/files-2.1/org.json/json/20211205/47032dcf2f69880f07dab3dc60b4b0ad97318308/json-20211205.jar!/org/json/JSONObject.class
	jar:file:/C:/Users/USER/.gradle/caches/modules-2/files-2.1/com.vaadin.external.google/android-json/0.0.20131108.vaadin1/fa26d351fe62a6a17f5cda1287c1c6110dec413f/android-json-0.0.20131108.vaadin1.jar!/org/json/JSONObject.class

You may wish to exclude one of them to ensure predictable runtime behavior

2022-03-23 17:37:52.107  INFO 18176 --- [    Test worker] com.watcat.WatCatApplicationTests        : Starting WatCatApplicationTests using Java 17 on LAPTOP-V0UNKSD7 with PID 18176 (started by USER in C:\JSP\workspace-STS4.12.1\WatCat)
2022-03-23 17:37:52.108  INFO 18176 --- [    Test worker] com.watcat.WatCatApplicationTests        : No active profile set, falling back to 1 default profile: "default"
2022-03-23 17:37:53.043  INFO 18176 --- [    Test worker] com.zaxxer.hikari.HikariDataSource       : HikariPool-1 - Starting...
2022-03-23 17:37:53.504  INFO 18176 --- [    Test worker] com.zaxxer.hikari.HikariDataSource       : HikariPool-1 - Start completed.
HikariDataSource (HikariPool-1)
2022-03-23 17:37:54.278  INFO 18176 --- [    Test worker] o.s.b.a.w.s.WelcomePageHandlerMapping    : Adding welcome page template: index
2022-03-23 17:37:54.752  INFO 18176 --- [    Test worker] com.watcat.WatCatApplicationTests        : Started WatCatApplicationTests in 2.889 seconds (JVM running for 4.027)
]]></system-out>
  <system-err><![CDATA[]]></system-err>
</testsuite>
