<?xml version="1.0" encoding="UTF-8"?>
<testsuite name="com.watcat.WatCatApplicationTests" tests="1" skipped="0" failures="0" errors="0" timestamp="2022-03-23T17:37:29" hostname="DLH-HOMEDESK" time="1.099">
  <properties/>
  <testcase name="contextLoads()" classname="com.watcat.WatCatApplicationTests" time="1.099"/>
  <system-out><![CDATA[02:37:22.027 [Test worker] DEBUG org.springframework.test.context.BootstrapUtils - Instantiating CacheAwareContextLoaderDelegate from class [org.springframework.test.context.cache.DefaultCacheAwareContextLoaderDelegate]
02:37:22.042 [Test worker] DEBUG org.springframework.test.context.BootstrapUtils - Instantiating BootstrapContext using constructor [public org.springframework.test.context.support.DefaultBootstrapContext(java.lang.Class,org.springframework.test.context.CacheAwareContextLoaderDelegate)]
02:37:22.090 [Test worker] DEBUG org.springframework.test.context.BootstrapUtils - Instantiating TestContextBootstrapper for test class [com.watcat.WatCatApplicationTests] from class [org.springframework.boot.test.context.SpringBootTestContextBootstrapper]
02:37:22.105 [Test worker] INFO org.springframework.boot.test.context.SpringBootTestContextBootstrapper - Neither @ContextConfiguration nor @ContextHierarchy found for test class [com.watcat.WatCatApplicationTests], using SpringBootContextLoader
02:37:22.110 [Test worker] DEBUG org.springframework.test.context.support.AbstractContextLoader - Did not detect default resource location for test class [com.watcat.WatCatApplicationTests]: class path resource [com/watcat/WatCatApplicationTests-context.xml] does not exist
02:37:22.111 [Test worker] DEBUG org.springframework.test.context.support.AbstractContextLoader - Did not detect default resource location for test class [com.watcat.WatCatApplicationTests]: class path resource [com/watcat/WatCatApplicationTestsContext.groovy] does not exist
02:37:22.111 [Test worker] INFO org.springframework.test.context.support.AbstractContextLoader - Could not detect default resource locations for test class [com.watcat.WatCatApplicationTests]: no resource found for suffixes {-context.xml, Context.groovy}.
02:37:22.112 [Test worker] INFO org.springframework.test.context.support.AnnotationConfigContextLoaderUtils - Could not detect default configuration classes for test class [com.watcat.WatCatApplicationTests]: WatCatApplicationTests does not declare any static, non-private, non-final, nested classes annotated with @Configuration.
02:37:22.186 [Test worker] DEBUG org.springframework.test.context.support.ActiveProfilesUtils - Could not find an 'annotation declaring class' for annotation type [org.springframework.test.context.ActiveProfiles] and class [com.watcat.WatCatApplicationTests]
02:37:22.310 [Test worker] DEBUG org.springframework.context.annotation.ClassPathScanningCandidateComponentProvider - Identified candidate component class: file [C:\WorkSpace\WatCat\build\classes\java\main\com\watcat\WatCatApplication.class]
02:37:22.312 [Test worker] INFO org.springframework.boot.test.context.SpringBootTestContextBootstrapper - Found @SpringBootConfiguration com.watcat.WatCatApplication for test class com.watcat.WatCatApplicationTests
02:37:22.519 [Test worker] DEBUG org.springframework.boot.test.context.SpringBootTestContextBootstrapper - @TestExecutionListeners is not present for class [com.watcat.WatCatApplicationTests]: using defaults.
02:37:22.519 [Test worker] INFO org.springframework.boot.test.context.SpringBootTestContextBootstrapper - Loaded default TestExecutionListener class names from location [META-INF/spring.factories]: [org.springframework.boot.test.autoconfigure.restdocs.RestDocsTestExecutionListener, org.springframework.boot.test.autoconfigure.web.client.MockRestServiceServerResetTestExecutionListener, org.springframework.boot.test.autoconfigure.web.servlet.MockMvcPrintOnlyOnFailureTestExecutionListener, org.springframework.boot.test.autoconfigure.web.servlet.WebDriverTestExecutionListener, org.springframework.boot.test.autoconfigure.webservices.client.MockWebServiceServerTestExecutionListener, org.springframework.boot.test.mock.mockito.MockitoTestExecutionListener, org.springframework.boot.test.mock.mockito.ResetMocksTestExecutionListener, org.springframework.test.context.web.ServletTestExecutionListener, org.springframework.test.context.support.DirtiesContextBeforeModesTestExecutionListener, org.springframework.test.context.event.ApplicationEventsTestExecutionListener, org.springframework.test.context.support.DependencyInjectionTestExecutionListener, org.springframework.test.context.support.DirtiesContextTestExecutionListener, org.springframework.test.context.transaction.TransactionalTestExecutionListener, org.springframework.test.context.jdbc.SqlScriptsTestExecutionListener, org.springframework.test.context.event.EventPublishingTestExecutionListener]
02:37:22.538 [Test worker] INFO org.springframework.boot.test.context.SpringBootTestContextBootstrapper - Using TestExecutionListeners: [org.springframework.test.context.web.ServletTestExecutionListener@28a2a3e7, org.springframework.test.context.support.DirtiesContextBeforeModesTestExecutionListener@3f2049b6, org.springframework.test.context.event.ApplicationEventsTestExecutionListener@10b3df93, org.springframework.boot.test.mock.mockito.MockitoTestExecutionListener@ea27e34, org.springframework.boot.test.autoconfigure.SpringBootDependencyInjectionTestExecutionListener@33a2499c, org.springframework.test.context.support.DirtiesContextTestExecutionListener@e72dba7, org.springframework.test.context.transaction.TransactionalTestExecutionListener@33c2bd, org.springframework.test.context.jdbc.SqlScriptsTestExecutionListener@1dfd5f51, org.springframework.test.context.event.EventPublishingTestExecutionListener@3c321bdb, org.springframework.boot.test.autoconfigure.restdocs.RestDocsTestExecutionListener@24855019, org.springframework.boot.test.autoconfigure.web.client.MockRestServiceServerResetTestExecutionListener@3abd581e, org.springframework.boot.test.autoconfigure.web.servlet.MockMvcPrintOnlyOnFailureTestExecutionListener@4d4d8fcf, org.springframework.boot.test.autoconfigure.web.servlet.WebDriverTestExecutionListener@610db97e, org.springframework.boot.test.autoconfigure.webservices.client.MockWebServiceServerTestExecutionListener@6f0628de, org.springframework.boot.test.mock.mockito.ResetMocksTestExecutionListener@3fabf088]
02:37:22.542 [Test worker] DEBUG org.springframework.test.context.support.AbstractDirtiesContextTestExecutionListener - Before test class: context [DefaultTestContext@6ca320ab testClass = WatCatApplicationTests, testInstance = [null], testMethod = [null], testException = [null], mergedContextConfiguration = [WebMergedContextConfiguration@50d68830 testClass = WatCatApplicationTests, locations = '{}', classes = '{class com.watcat.WatCatApplication}', contextInitializerClasses = '[]', activeProfiles = '{}', propertySourceLocations = '{}', propertySourceProperties = '{org.springframework.boot.test.context.SpringBootTestContextBootstrapper=true}', contextCustomizers = set[org.springframework.boot.test.autoconfigure.actuate.metrics.MetricsExportContextCustomizerFactory$DisableMetricExportContextCustomizer@505a9d7c, org.springframework.boot.test.autoconfigure.properties.PropertyMappingContextCustomizer@0, org.springframework.boot.test.autoconfigure.web.servlet.WebDriverContextCustomizerFactory$Customizer@7b324585, org.springframework.boot.test.context.filter.ExcludeFilterContextCustomizer@5974109, org.springframework.boot.test.json.DuplicateJsonObjectContextCustomizerFactory$DuplicateJsonObjectContextCustomizer@502f1f4c, org.springframework.boot.test.mock.mockito.MockitoContextCustomizer@0, org.springframework.boot.test.web.client.TestRestTemplateContextCustomizer@4cc6fa2a, org.springframework.boot.test.context.SpringBootTestArgs@1, org.springframework.boot.test.context.SpringBootTestWebEnvironment@6f1c29b7], resourceBasePath = 'src/main/webapp', contextLoader = 'org.springframework.boot.test.context.SpringBootContextLoader', parent = [null]], attributes = map['org.springframework.test.context.web.ServletTestExecutionListener.activateListener' -> true]], class annotated with @DirtiesContext [false] with mode [null].

  .   ____          _            __ _ _
 /\\ / ___'_ __ _ _(_)_ __  __ _ \ \ \ \
( ( )\___ | '_ | '_| | '_ \/ _` | \ \ \ \
 \\/  ___)| |_)| | | | | || (_| |  ) ) ) )
  '  |____| .__|_| |_|_| |_\__, | / / / /
 =========|_|==============|___/=/_/_/_/
 :: Spring Boot ::                (v2.6.4)

2022-03-24 02:37:22.967  WARN 12340 --- [    Test worker] ory$DuplicateJsonObjectContextCustomizer : 

Found multiple occurrences of org.json.JSONObject on the class path:

	jar:file:/C:/Users/%ea%b9%80%eb%8f%99%ed%99%98/.gradle/caches/modules-2/files-2.1/org.json/json/20211205/47032dcf2f69880f07dab3dc60b4b0ad97318308/json-20211205.jar!/org/json/JSONObject.class
	jar:file:/C:/Users/%ea%b9%80%eb%8f%99%ed%99%98/.gradle/caches/modules-2/files-2.1/com.vaadin.external.google/android-json/0.0.20131108.vaadin1/fa26d351fe62a6a17f5cda1287c1c6110dec413f/android-json-0.0.20131108.vaadin1.jar!/org/json/JSONObject.class

You may wish to exclude one of them to ensure predictable runtime behavior

2022-03-24 02:37:23.003  INFO 12340 --- [    Test worker] com.watcat.WatCatApplicationTests        : Starting WatCatApplicationTests using Java 17 on dlh-homedesk with PID 12340 (started by 김동환 in C:\WorkSpace\WatCat)
2022-03-24 02:37:23.004  INFO 12340 --- [    Test worker] com.watcat.WatCatApplicationTests        : No active profile set, falling back to 1 default profile: "default"
2022-03-24 02:37:25.037  INFO 12340 --- [    Test worker] com.zaxxer.hikari.HikariDataSource       : HikariPool-1 - Starting...
2022-03-24 02:37:25.692  INFO 12340 --- [    Test worker] com.zaxxer.hikari.HikariDataSource       : HikariPool-1 - Start completed.
HikariDataSource (HikariPool-1)
2022-03-24 02:37:28.161  INFO 12340 --- [    Test worker] o.s.b.a.w.s.WelcomePageHandlerMapping    : Adding welcome page template: index
2022-03-24 02:37:29.197  INFO 12340 --- [    Test worker] com.watcat.WatCatApplicationTests        : Started WatCatApplicationTests in 6.598 seconds (JVM running for 8.61)
]]></system-out>
  <system-err><![CDATA[]]></system-err>
</testsuite>
